<?xml version="1.0" encoding="UTF-8"?>
<coverage generated="1773507123482" clover="3.2.0">
  <project timestamp="1773507123483" name="All files">
    <metrics statements="26" coveredstatements="24" conditionals="12" coveredconditionals="11" methods="11" coveredmethods="7" elements="49" coveredelements="42" complexity="0" loc="26" ncloc="26" packages="5" files="6" classes="6"/>
    <package name="assets.images">
      <metrics statements="1" coveredstatements="1" conditionals="0" coveredconditionals="0" methods="0" coveredmethods="0"/>
      <file name="hero.png" path="D:\Antigravity\MuniGo\src\assets\images\hero.png">
        <metrics statements="1" coveredstatements="1" conditionals="0" coveredconditionals="0" methods="0" coveredmethods="0"/>
        <line num="1" count="1" type="stmt"/>
      </file>
    </package>
    <package name="components.common">
      <metrics statements="6" coveredstatements="6" conditionals="6" coveredconditionals="6" methods="2" coveredmethods="2"/>
      <file name="SectionHeader.tsx" path="D:\Antigravity\MuniGo\src\components\common\SectionHeader.tsx">
        <metrics statements="3" coveredstatements="3" conditionals="3" coveredconditionals="3" methods="1" coveredmethods="1"/>
        <line num="11" count="2" type="stmt"/>
        <line num="16" count="8" type="stmt"/>
        <line num="28" count="2" type="stmt"/>
      </file>
      <file name="StatBadge.tsx" path="D:\Antigravity\MuniGo\src\components\common\StatBadge.tsx">
        <metrics statements="3" coveredstatements="3" conditionals="3" coveredconditionals="3" methods="1" coveredmethods="1"/>
        <line num="11" count="2" type="stmt"/>
        <line num="17" count="9" type="stmt"/>
        <line num="29" count="2" type="stmt"/>
      </file>
    </package>
    <package name="components.reports">
      <metrics statements="4" coveredstatements="4" conditionals="4" coveredconditionals="4" methods="1" coveredmethods="1"/>
      <file name="ReportCard.tsx" path="D:\Antigravity\MuniGo\src\components\reports\ReportCard.tsx">
        <metrics statements="4" coveredstatements="4" conditionals="4" coveredconditionals="4" methods="1" coveredmethods="1"/>
        <line num="18" count="2" type="stmt"/>
        <line num="19" count="8" type="stmt"/>
        <line num="21" count="8" type="stmt"/>
        <line num="60" count="2" type="stmt"/>
      </file>
    </package>
    <package name="config">
      <metrics statements="3" coveredstatements="3" conditionals="0" coveredconditionals="0" methods="0" coveredmethods="0"/>
      <file name="theme.ts" path="D:\Antigravity\MuniGo\src\config\theme.ts">
        <metrics statements="3" coveredstatements="3" conditionals="0" coveredconditionals="0" methods="0" coveredmethods="0"/>
        <line num="1" count="4" type="stmt"/>
        <line num="13" count="4" type="stmt"/>
        <line num="30" count="4" type="stmt"/>
      </file>
    </package>
    <package name="screens">
      <metrics statements="12" coveredstatements="10" conditionals="2" coveredconditionals="1" methods="8" coveredmethods="4"/>
      <file name="HomeScreen.tsx" path="D:\Antigravity\MuniGo\src\screens\HomeScreen.tsx">
        <metrics statements="12" coveredstatements="10" conditionals="2" coveredconditionals="1" methods="8" coveredmethods="4"/>
        <line num="31" count="1" type="stmt"/>
        <line num="32" count="2" type="stmt"/>
        <line num="33" count="2" type="stmt"/>
        <line num="35" count="2" type="stmt"/>
        <line num="41" count="2" type="stmt"/>
        <line num="60" count="2" type="stmt"/>
        <line num="108" count="6" type="stmt"/>
        <line num="122" count="10" type="stmt"/>
        <line num="133" count="0" type="stmt"/>
        <line num="137" count="4" type="stmt"/>
        <line num="166" count="0" type="stmt"/>
        <line num="174" count="1" type="stmt"/>
      </file>
    </package>
  </project>
</coverage>
