{"D:\\Antigravity\\MuniGo\\src\\assets\\images\\hero.png": {"path":"D:\\Antigravity\\MuniGo\\src\\assets\\images\\hero.png","statementMap":{"0":{"start":{"line":1,"column":0},"end":{"line":4,"column":6}}},"fnMap":{},"branchMap":{},"s":{"0":1},"f":{},"b":{},"_coverageSchema":"1a1c01bbd47fc00a2c39e90264f33305004495a9","hash":"88173cda6115fafdc3cd2c38d5bf8eb826994ebf"}
,"D:\\Antigravity\\MuniGo\\src\\components\\common\\SectionHeader.tsx": {"path":"D:\\Antigravity\\MuniGo\\src\\components\\common\\SectionHeader.tsx","statementMap":{"0":{"start":{"line":11,"column":59},"end":{"line":26,"column":1}},"1":{"start":{"line":16,"column":2},"end":{"line":25,"column":4}},"2":{"start":{"line":28,"column":15},"end":{"line":44,"column":2}}},"fnMap":{"0":{"name":"(anonymous_0)","decl":{"start":{"line":11,"column":59},"end":{"line":11,"column":60}},"loc":{"start":{"line":15,"column":6},"end":{"line":26,"column":1}},"line":15}},"branchMap":{"0":{"loc":{"start":{"line":14,"column":2},"end":{"line":14,"column":26}},"type":"default-arg","locations":[{"start":{"line":14,"column":15},"end":{"line":14,"column":26}}],"line":14},"1":{"loc":{"start":{"line":19,"column":7},"end":{"line":23,"column":7}},"type":"binary-expr","locations":[{"start":{"line":19,"column":7},"end":{"line":19,"column":14}},{"start":{"line":20,"column":8},"end":{"line":22,"column":27}}],"line":19}},"s":{"0":2,"1":8,"2":2},"f":{"0":8},"b":{"0":[7],"1":[8,6]},"_coverageSchema":"1a1c01bbd47fc00a2c39e90264f33305004495a9","hash":"76586d2c662ebb35bba3263456a51845126b02b8"}
,"D:\\Antigravity\\MuniGo\\src\\components\\common\\StatBadge.tsx": {"path":"D:\\Antigravity\\MuniGo\\src\\components\\common\\StatBadge.tsx","statementMap":{"0":{"start":{"line":11,"column":73},"end":{"line":27,"column":1}},"1":{"start":{"line":17,"column":2},"end":{"line":26,"column":4}},"2":{"start":{"line":29,"column":15},"end":{"line":57,"column":2}}},"fnMap":{"0":{"name":"(anonymous_0)","decl":{"start":{"line":11,"column":73},"end":{"line":11,"column":74}},"loc":{"start":{"line":16,"column":6},"end":{"line":27,"column":1}},"line":16}},"branchMap":{"0":{"loc":{"start":{"line":14,"column":2},"end":{"line":14,"column":30}},"type":"default-arg","locations":[{"start":{"line":14,"column":10},"end":{"line":14,"column":30}}],"line":14},"1":{"loc":{"start":{"line":21,"column":16},"end":{"line":21,"column":52}},"type":"cond-expr","locations":[{"start":{"line":21,"column":25},"end":{"line":21,"column":40}},{"start":{"line":21,"column":43},"end":{"line":21,"column":52}}],"line":21}},"s":{"0":2,"1":9,"2":2},"f":{"0":9},"b":{"0":[2],"1":[2,7]},"_coverageSchema":"1a1c01bbd47fc00a2c39e90264f33305004495a9","hash":"12fb9a8a0ab2e659edc10873e05b0822173dacdb"}
,"D:\\Antigravity\\MuniGo\\src\\components\\reports\\ReportCard.tsx": {"path":"D:\\Antigravity\\MuniGo\\src\\components\\reports\\ReportCard.tsx","statementMap":{"0":{"start":{"line":18,"column":53},"end":{"line":58,"column":1}},"1":{"start":{"line":19,"column":21},"end":{"line":19,"column":49}},"2":{"start":{"line":21,"column":2},"end":{"line":57,"column":4}},"3":{"start":{"line":60,"column":15},"end":{"line":127,"column":2}}},"fnMap":{"0":{"name":"(anonymous_0)","decl":{"start":{"line":18,"column":53},"end":{"line":18,"column":54}},"loc":{"start":{"line":18,"column":78},"end":{"line":58,"column":1}},"line":18}},"branchMap":{"0":{"loc":{"start":{"line":33,"column":55},"end":{"line":33,"column":93}},"type":"cond-expr","locations":[{"start":{"line":33,"column":68},"end":{"line":33,"column":79}},{"start":{"line":33,"column":82},"end":{"line":33,"column":93}}],"line":33},"1":{"loc":{"start":{"line":35,"column":55},"end":{"line":35,"column":89}},"type":"cond-expr","locations":[{"start":{"line":35,"column":68},"end":{"line":35,"column":77}},{"start":{"line":35,"column":80},"end":{"line":35,"column":89}}],"line":35}},"s":{"0":2,"1":8,"2":8,"3":2},"f":{"0":8},"b":{"0":[3,5],"1":[3,5]},"_coverageSchema":"1a1c01bbd47fc00a2c39e90264f33305004495a9","hash":"ec32392b6b4d8b97a451a1913c6bd58afa351348"}
,"D:\\Antigravity\\MuniGo\\src\\config\\theme.ts": {"path":"D:\\Antigravity\\MuniGo\\src\\config\\theme.ts","statementMap":{"0":{"start":{"line":1,"column":23},"end":{"line":11,"column":1}},"1":{"start":{"line":13,"column":23},"end":{"line":28,"column":1}},"2":{"start":{"line":30,"column":21},"end":{"line":56,"column":1}}},"fnMap":{},"branchMap":{},"s":{"0":4,"1":4,"2":4},"f":{},"b":{},"_coverageSchema":"1a1c01bbd47fc00a2c39e90264f33305004495a9","hash":"2ffef11e740858526856e17b6cd41cd0410cb186"}
,"D:\\Antigravity\\MuniGo\\src\\screens\\HomeScreen.tsx": {"path":"D:\\Antigravity\\MuniGo\\src\\screens\\HomeScreen.tsx","statementMap":{"0":{"start":{"line":31,"column":19},"end":{"line":172,"column":1}},"1":{"start":{"line":32,"column":21},"end":{"line":32,"column":62}},"2":{"start":{"line":33,"column":19},"end":{"line":33,"column":28}},"3":{"start":{"line":35,"column":16},"end":{"line":39,"column":3}},"4":{"start":{"line":41,"column":24},"end":{"line":58,"column":3}},"5":{"start":{"line":60,"column":2},"end":{"line":171,"column":4}},"6":{"start":{"line":108,"column":12},"end":{"line":108,"column":94}},"7":{"start":{"line":122,"column":14},"end":{"line":124,"column":33}},"8":{"start":{"line":133,"column":27},"end":{"line":133,"column":57}},"9":{"start":{"line":137,"column":14},"end":{"line":137,"column":79}},"10":{"start":{"line":166,"column":23},"end":{"line":166,"column":58}},"11":{"start":{"line":174,"column":15},"end":{"line":376,"column":2}}},"fnMap":{"0":{"name":"(anonymous_0)","decl":{"start":{"line":31,"column":19},"end":{"line":31,"column":20}},"loc":{"start":{"line":31,"column":25},"end":{"line":172,"column":1}},"line":31},"1":{"name":"(anonymous_1)","decl":{"start":{"line":107,"column":21},"end":{"line":107,"column":22}},"loc":{"start":{"line":108,"column":12},"end":{"line":108,"column":94}},"line":108},"2":{"name":"(anonymous_2)","decl":{"start":{"line":114,"column":53},"end":{"line":114,"column":54}},"loc":{"start":{"line":114,"column":59},"end":{"line":114,"column":61}},"line":114},"3":{"name":"(anonymous_3)","decl":{"start":{"line":121,"column":79},"end":{"line":121,"column":80}},"loc":{"start":{"line":122,"column":14},"end":{"line":124,"column":33}},"line":122},"4":{"name":"(anonymous_4)","decl":{"start":{"line":133,"column":21},"end":{"line":133,"column":22}},"loc":{"start":{"line":133,"column":27},"end":{"line":133,"column":57}},"line":133},"5":{"name":"(anonymous_5)","decl":{"start":{"line":136,"column":31},"end":{"line":136,"column":32}},"loc":{"start":{"line":137,"column":14},"end":{"line":137,"column":79}},"line":137},"6":{"name":"(anonymous_6)","decl":{"start":{"line":137,"column":67},"end":{"line":137,"column":68}},"loc":{"start":{"line":137,"column":73},"end":{"line":137,"column":75}},"line":137},"7":{"name":"(anonymous_7)","decl":{"start":{"line":166,"column":17},"end":{"line":166,"column":18}},"loc":{"start":{"line":166,"column":23},"end":{"line":166,"column":58}},"line":166}},"branchMap":{"0":{"loc":{"start":{"line":73,"column":51},"end":{"line":73,"column":75}},"type":"binary-expr","locations":[{"start":{"line":73,"column":51},"end":{"line":73,"column":61}},{"start":{"line":73,"column":65},"end":{"line":73,"column":75}}],"line":73}},"s":{"0":1,"1":2,"2":2,"3":2,"4":2,"5":2,"6":6,"7":10,"8":0,"9":4,"10":0,"11":1},"f":{"0":2,"1":6,"2":0,"3":10,"4":0,"5":4,"6":0,"7":0},"b":{"0":[2,0]},"_coverageSchema":"1a1c01bbd47fc00a2c39e90264f33305004495a9","hash":"b47b4cf7a808deb43b22156882825832aaa3d646"}
}
