TN:
SF:src\assets\images\hero.png
FNF:0
FNH:0
DA:1,1
LF:1
LH:1
BRF:0
BRH:0
end_of_record
TN:
SF:src\components\common\SectionHeader.tsx
FN:11,(anonymous_0)
FNF:1
FNH:1
FNDA:8,(anonymous_0)
DA:11,2
DA:16,8
DA:28,2
LF:3
LH:3
BRDA:14,0,0,7
BRDA:19,1,0,8
BRDA:19,1,1,6
BRF:3
BRH:3
end_of_record
TN:
SF:src\components\common\StatBadge.tsx
FN:11,(anonymous_0)
FNF:1
FNH:1
FNDA:9,(anonymous_0)
DA:11,2
DA:17,9
DA:29,2
LF:3
LH:3
BRDA:14,0,0,2
BRDA:21,1,0,2
BRDA:21,1,1,7
BRF:3
BRH:3
end_of_record
TN:
SF:src\components\reports\ReportCard.tsx
FN:18,(anonymous_0)
FNF:1
FNH:1
FNDA:8,(anonymous_0)
DA:18,2
DA:19,8
DA:21,8
DA:60,2
LF:4
LH:4
BRDA:33,0,0,3
BRDA:33,0,1,5
BRDA:35,1,0,3
BRDA:35,1,1,5
BRF:4
BRH:4
end_of_record
TN:
SF:src\config\theme.ts
FNF:0
FNH:0
DA:1,4
DA:13,4
DA:30,4
LF:3
LH:3
BRF:0
BRH:0
end_of_record
TN:
SF:src\screens\HomeScreen.tsx
FN:31,(anonymous_0)
FN:107,(anonymous_1)
FN:114,(anonymous_2)
FN:121,(anonymous_3)
FN:133,(anonymous_4)
FN:136,(anonymous_5)
FN:137,(anonymous_6)
FN:166,(anonymous_7)
FNF:8
FNH:4
FNDA:2,(anonymous_0)
FNDA:6,(anonymous_1)
FNDA:0,(anonymous_2)
FNDA:10,(anonymous_3)
FNDA:0,(anonymous_4)
FNDA:4,(anonymous_5)
FNDA:0,(anonymous_6)
FNDA:0,(anonymous_7)
DA:31,1
DA:32,2
DA:33,2
DA:35,2
DA:41,2
DA:60,2
DA:108,6
DA:122,10
DA:133,0
DA:137,4
DA:166,0
DA:174,1
LF:12
LH:10
BRDA:73,0,0,2
BRDA:73,0,1,0
BRF:2
BRH:1
end_of_record
